<?xml version="1.0" encoding="UTF-8"?>
<!-- Generated by org.testng.reporters.JUnitReportReporter -->
<testsuite hostname="OmeE" failures="0" tests="2" name="common.project.ErrorValidation" time="12.541" errors="0" timestamp="2023-07-13T14:51:15 IST" skipped="0">
  <testcase classname="common.project.ErrorValidation" name="submitOrder" time="9.731"/>
  <system-out/>
  <testcase classname="common.project.ErrorValidation" name="LoginErrorValidation" time="2.810"/>
  <system-out/>
</testsuite> <!-- common.project.ErrorValidation -->
