<?xml version="1.0" encoding="UTF-8"?>
<!-- Generated by org.testng.reporters.JUnitReportReporter -->
<testsuite hostname="OmeE" failures="0" tests="1" name="common.project.SubmitOrder" time="11.536" errors="0" timestamp="2023-07-13T14:14:27 IST" skipped="0">
  <testcase classname="common.project.SubmitOrder" name="submitOrder" time="11.536"/>
  <system-out/>
</testsuite> <!-- common.project.SubmitOrder -->
